[2021/12/28 14:57:42] - Namespace(arch='ResNet18', epochs=300, batch_size=128, scheduler='reduce', lr=0.1, momentum=0.9, weight_decay=0.0001, label_smooth=True, label_smooth_value=0.1, mixup=True, mixup_alpha=1.0, Ncrop=True, data_path='datasets/fer2013/fer2013.csv', results='./results', save_freq=10, resume=0, seed=0, name='official')
[2021/12/28 14:57:43] - cuda:0
[2021/12/28 14:57:43] - Load dataset ...
[2021/12/28 14:57:48] - Start load model ResNet18 ...
[2021/12/28 14:57:51] - Start traning.
[2021/12/28 14:57:51] - Epoch 	 Time 	 Train Loss 	 Train ACC 	 Val Loss 	 Val ACC
[2021/12/28 15:01:04] - 1	 193.4766 	 0.0022 	 0.2439 	 0.0287 	 0.2452
[2021/12/28 15:02:06] - 2	 61.3040 	 0.0021 	 0.2480 	 0.0286 	 0.2449
[2021/12/28 15:03:08] - 3	 62.2552 	 0.0021 	 0.2493 	 0.0288 	 0.2494
[2021/12/28 15:04:10] - 4	 61.0253 	 0.0021 	 0.2505 	 0.0285 	 0.2458
[2021/12/28 15:05:11] - 5	 61.0957 	 0.0021 	 0.2483 	 0.0284 	 0.2622
[2021/12/28 15:06:11] - 6	 60.5879 	 0.0021 	 0.2502 	 0.0281 	 0.2572
[2021/12/28 15:07:13] - 7	 61.1609 	 0.0021 	 0.2553 	 0.0277 	 0.2823
[2021/12/28 15:08:14] - 8	 60.7874 	 0.0020 	 0.2604 	 0.0272 	 0.3157
[2021/12/28 15:09:14] - 9	 60.5418 	 0.0020 	 0.2748 	 0.0253 	 0.4129
[2021/12/28 15:10:16] - 10	 60.8740 	 0.0020 	 0.2828 	 0.0280 	 0.2215
[2021/12/28 15:11:17] - 11	 60.8901 	 0.0019 	 0.3006 	 0.0227 	 0.4976
[2021/12/28 15:12:18] - 12	 61.3524 	 0.0019 	 0.3229 	 0.0233 	 0.4547
[2021/12/28 15:13:20] - 13	 61.4894 	 0.0018 	 0.3280 	 0.0215 	 0.5358
[2021/12/28 15:14:21] - 14	 61.2459 	 0.0018 	 0.3371 	 0.0204 	 0.5266
[2021/12/28 15:15:22] - 15	 61.2229 	 0.0018 	 0.3317 	 0.0215 	 0.5213
[2021/12/28 15:16:23] - 16	 61.0039 	 0.0017 	 0.3503 	 0.0204 	 0.5458
[2021/12/28 15:17:25] - 17	 61.0754 	 0.0017 	 0.3475 	 0.0189 	 0.5851
[2021/12/28 15:18:27] - 18	 61.5368 	 0.0017 	 0.3551 	 0.0190 	 0.5988
[2021/12/28 15:19:28] - 19	 61.0205 	 0.0017 	 0.3388 	 0.0189 	 0.5876
[2021/12/28 15:20:29] - 20	 61.2763 	 0.0017 	 0.3697 	 0.0184 	 0.6105
[2021/12/28 15:21:31] - 21	 61.2384 	 0.0017 	 0.3752 	 0.0185 	 0.6127
[2021/12/28 15:22:32] - 22	 61.1597 	 0.0016 	 0.3621 	 0.0186 	 0.6013
[2021/12/28 15:23:33] - 23	 61.0431 	 0.0016 	 0.3754 	 0.0180 	 0.6066
[2021/12/28 15:24:34] - 24	 61.2455 	 0.0016 	 0.3808 	 0.0186 	 0.5871
[2021/12/28 15:25:36] - 25	 61.0627 	 0.0017 	 0.3771 	 0.0176 	 0.6194
[2021/12/28 15:26:37] - 26	 61.1128 	 0.0016 	 0.3778 	 0.0187 	 0.5996
[2021/12/28 15:27:38] - 27	 61.1019 	 0.0016 	 0.4002 	 0.0175 	 0.6211
[2021/12/28 15:28:39] - 28	 60.8916 	 0.0016 	 0.3880 	 0.0175 	 0.6208
[2021/12/28 15:29:41] - 29	 61.5796 	 0.0016 	 0.3932 	 0.0172 	 0.6328
[2021/12/28 15:30:42] - 30	 61.2569 	 0.0016 	 0.3947 	 0.0187 	 0.6080
[2021/12/28 15:31:43] - 31	 60.9654 	 0.0016 	 0.3906 	 0.0176 	 0.6403
[2021/12/28 15:32:45] - 32	 61.3011 	 0.0016 	 0.3667 	 0.0166 	 0.6556
[2021/12/28 15:33:47] - 33	 61.3581 	 0.0016 	 0.3966 	 0.0168 	 0.6372
[2021/12/28 15:34:48] - 34	 61.2347 	 0.0016 	 0.3954 	 0.0165 	 0.6503
[2021/12/28 15:35:49] - 35	 61.1244 	 0.0016 	 0.3918 	 0.0168 	 0.6442
[2021/12/28 15:36:50] - 36	 61.0974 	 0.0016 	 0.4091 	 0.0185 	 0.6105
[2021/12/28 15:37:51] - 37	 61.1034 	 0.0016 	 0.4073 	 0.0169 	 0.6428
[2021/12/28 15:38:52] - 38	 61.1972 	 0.0016 	 0.4024 	 0.0164 	 0.6570
[2021/12/28 15:39:54] - 39	 61.0308 	 0.0016 	 0.3953 	 0.0167 	 0.6643
[2021/12/28 15:40:55] - 40	 61.2222 	 0.0016 	 0.3899 	 0.0165 	 0.6489
[2021/12/28 15:41:56] - 41	 61.1613 	 0.0016 	 0.3826 	 0.0163 	 0.6565
[2021/12/28 15:42:58] - 42	 61.4393 	 0.0015 	 0.4110 	 0.0167 	 0.6495
[2021/12/28 15:43:59] - 43	 60.9664 	 0.0016 	 0.3943 	 0.0163 	 0.6824
[2021/12/28 15:45:00] - 44	 61.0132 	 0.0016 	 0.3966 	 0.0159 	 0.6737
[2021/12/28 15:46:02] - 45	 61.9690 	 0.0015 	 0.4091 	 0.0163 	 0.6684
[2021/12/28 15:47:04] - 46	 61.6744 	 0.0015 	 0.4299 	 0.0166 	 0.6567
[2021/12/28 15:48:06] - 47	 62.0780 	 0.0016 	 0.4059 	 0.0162 	 0.6690
[2021/12/28 15:49:08] - 48	 61.7561 	 0.0015 	 0.3930 	 0.0159 	 0.6640
[2021/12/28 15:50:10] - 49	 62.2336 	 0.0015 	 0.3989 	 0.0167 	 0.6517
[2021/12/28 15:51:11] - 50	 61.6099 	 0.0015 	 0.4336 	 0.0156 	 0.6801
[2021/12/28 15:52:13] - 51	 61.1978 	 0.0015 	 0.4389 	 0.0153 	 0.6790
[2021/12/28 15:53:14] - 52	 60.9892 	 0.0015 	 0.4434 	 0.0160 	 0.6712
[2021/12/28 15:54:15] - 53	 60.9341 	 0.0015 	 0.4302 	 0.0154 	 0.6843
[2021/12/28 15:55:16] - 54	 60.9000 	 0.0015 	 0.4233 	 0.0159 	 0.6715
[2021/12/28 15:56:17] - 55	 60.7434 	 0.0015 	 0.3885 	 0.0157 	 0.6743
[2021/12/28 15:57:18] - 56	 60.9111 	 0.0015 	 0.4366 	 0.0164 	 0.6824
[2021/12/28 15:58:19] - 57	 61.0872 	 0.0015 	 0.4331 	 0.0158 	 0.6765
[2021/12/28 15:59:19] - 58	 60.5383 	 0.0015 	 0.4391 	 0.0153 	 0.6863
[2021/12/28 16:00:20] - 59	 60.8265 	 0.0015 	 0.4222 	 0.0154 	 0.6885
[2021/12/28 16:01:22] - 60	 61.1379 	 0.0015 	 0.4197 	 0.0157 	 0.6832
[2021/12/28 16:02:23] - 61	 60.9442 	 0.0015 	 0.4034 	 0.0159 	 0.6793
[2021/12/28 16:03:24] - 62	 61.0390 	 0.0015 	 0.4454 	 0.0153 	 0.6924
[2021/12/28 16:04:25] - 63	 61.0576 	 0.0014 	 0.4356 	 0.0161 	 0.6824
[2021/12/28 16:05:26] - 64	 60.9272 	 0.0015 	 0.4425 	 0.0156 	 0.6955
[2021/12/28 16:06:27] - 65	 60.8495 	 0.0015 	 0.4211 	 0.0152 	 0.6902
[2021/12/28 16:07:28] - 66	 60.8859 	 0.0014 	 0.4297 	 0.0157 	 0.6932
[2021/12/28 16:08:29] - 67	 60.8903 	 0.0015 	 0.4412 	 0.0164 	 0.6601
[2021/12/28 16:09:30] - 68	 60.9452 	 0.0014 	 0.4170 	 0.0157 	 0.6999
[2021/12/28 16:10:31] - 69	 60.7848 	 0.0015 	 0.4319 	 0.0156 	 0.6824
[2021/12/28 16:11:32] - 70	 60.7907 	 0.0015 	 0.4357 	 0.0154 	 0.6785
[2021/12/28 16:12:33] - 71	 61.1725 	 0.0015 	 0.4207 	 0.0157 	 0.7024
[2021/12/28 16:13:34] - 72	 60.5651 	 0.0015 	 0.4230 	 0.0153 	 0.6893
[2021/12/28 16:14:35] - 73	 60.5665 	 0.0014 	 0.4321 	 0.0145 	 0.6879
[2021/12/28 16:15:35] - 74	 60.8871 	 0.0015 	 0.4244 	 0.0153 	 0.6924
[2021/12/28 16:16:36] - 75	 60.7662 	 0.0015 	 0.4166 	 0.0150 	 0.6871
[2021/12/28 16:17:37] - 76	 60.7459 	 0.0014 	 0.4513 	 0.0150 	 0.6982
[2021/12/28 16:18:38] - 77	 61.3436 	 0.0015 	 0.4275 	 0.0159 	 0.6890
[2021/12/28 16:19:40] - 78	 61.5108 	 0.0014 	 0.4486 	 0.0151 	 0.7063
[2021/12/28 16:20:41] - 79	 61.3737 	 0.0014 	 0.4338 	 0.0143 	 0.7080
[2021/12/28 16:21:43] - 80	 61.4903 	 0.0014 	 0.4568 	 0.0151 	 0.7041
[2021/12/28 16:22:45] - 81	 61.8291 	 0.0014 	 0.4351 	 0.0155 	 0.7099
[2021/12/28 16:23:47] - 82	 61.5701 	 0.0014 	 0.4974 	 0.0150 	 0.7141
[2021/12/28 16:24:49] - 83	 61.4690 	 0.0014 	 0.4312 	 0.0151 	 0.7024
[2021/12/28 16:25:50] - 84	 61.3083 	 0.0014 	 0.4402 	 0.0153 	 0.6985
[2021/12/28 16:26:52] - 85	 61.5294 	 0.0014 	 0.4359 	 0.0149 	 0.6957
[2021/12/28 16:27:53] - 86	 61.3316 	 0.0014 	 0.4484 	 0.0152 	 0.6955
[2021/12/28 16:28:54] - 87	 60.8456 	 0.0014 	 0.4408 	 0.0148 	 0.6980
[2021/12/28 16:29:55] - 88	 60.8848 	 0.0014 	 0.4099 	 0.0157 	 0.6985
[2021/12/28 16:30:55] - 89	 60.7506 	 0.0014 	 0.4564 	 0.0150 	 0.7088
[2021/12/28 16:31:56] - 90	 60.8866 	 0.0013 	 0.4758 	 0.0149 	 0.7058
[2021/12/28 16:32:57] - 91	 60.8119 	 0.0013 	 0.4777 	 0.0147 	 0.7158
[2021/12/28 16:33:59] - 92	 61.0423 	 0.0014 	 0.4611 	 0.0147 	 0.7108
[2021/12/28 16:34:59] - 93	 60.8348 	 0.0014 	 0.4728 	 0.0154 	 0.7033
[2021/12/28 16:36:01] - 94	 61.7259 	 0.0013 	 0.4876 	 0.0145 	 0.7099
[2021/12/28 16:37:03] - 95	 61.6942 	 0.0014 	 0.4644 	 0.0152 	 0.6999
[2021/12/28 16:38:05] - 96	 61.7347 	 0.0014 	 0.4544 	 0.0149 	 0.7019
[2021/12/28 16:39:06] - 97	 61.1765 	 0.0013 	 0.4591 	 0.0148 	 0.7141
[2021/12/28 16:40:07] - 98	 61.5492 	 0.0013 	 0.4585 	 0.0143 	 0.7256
[2021/12/28 16:41:09] - 99	 61.3678 	 0.0013 	 0.4588 	 0.0143 	 0.7116
[2021/12/28 16:42:10] - 100	 61.4456 	 0.0013 	 0.5088 	 0.0143 	 0.7278
[2021/12/28 16:43:12] - 101	 60.7357 	 0.0013 	 0.4784 	 0.0149 	 0.7222
[2021/12/28 16:44:13] - 102	 61.2323 	 0.0013 	 0.4729 	 0.0144 	 0.7308
[2021/12/28 16:45:15] - 103	 61.5076 	 0.0013 	 0.4667 	 0.0150 	 0.7133
[2021/12/28 16:46:16] - 104	 61.4725 	 0.0013 	 0.4899 	 0.0153 	 0.7080
[2021/12/28 16:47:17] - 105	 61.2868 	 0.0013 	 0.4904 	 0.0151 	 0.7133
[2021/12/28 16:48:19] - 106	 61.1975 	 0.0013 	 0.4739 	 0.0150 	 0.7141
[2021/12/28 16:49:20] - 107	 61.1733 	 0.0012 	 0.5019 	 0.0149 	 0.7219
[2021/12/28 16:50:21] - 108	 61.2572 	 0.0013 	 0.4948 	 0.0144 	 0.7267
[2021/12/28 16:51:22] - 109	 61.0761 	 0.0013 	 0.4669 	 0.0145 	 0.7194
[2021/12/28 16:52:24] - 110	 61.4638 	 0.0013 	 0.5143 	 0.0144 	 0.7175
[2021/12/28 16:53:25] - 111	 61.6432 	 0.0013 	 0.4646 	 0.0141 	 0.7300
[2021/12/28 16:54:27] - 112	 61.4166 	 0.0013 	 0.4911 	 0.0149 	 0.7058
[2021/12/28 16:55:28] - 113	 60.8891 	 0.0012 	 0.4678 	 0.0139 	 0.7233
[2021/12/28 16:56:29] - 114	 60.8797 	 0.0012 	 0.4792 	 0.0141 	 0.7267
[2021/12/28 16:57:31] - 115	 62.3962 	 0.0012 	 0.5106 	 0.0138 	 0.7300
[2021/12/28 16:58:34] - 116	 62.8556 	 0.0013 	 0.4891 	 0.0146 	 0.7267
[2021/12/28 16:59:36] - 117	 62.2930 	 0.0012 	 0.4899 	 0.0143 	 0.7267
[2021/12/28 17:00:39] - 118	 62.8800 	 0.0012 	 0.4983 	 0.0144 	 0.7306
[2021/12/28 17:01:41] - 119	 61.9478 	 0.0012 	 0.5106 	 0.0145 	 0.7256
[2021/12/28 17:02:42] - 120	 61.0481 	 0.0012 	 0.4953 	 0.0147 	 0.7281
[2021/12/28 17:03:44] - 121	 61.2407 	 0.0012 	 0.4884 	 0.0139 	 0.7353
[2021/12/28 17:04:45] - 122	 61.1896 	 0.0012 	 0.4939 	 0.0140 	 0.7320
[2021/12/28 17:05:46] - 123	 61.3413 	 0.0012 	 0.5152 	 0.0139 	 0.7342
[2021/12/28 17:06:48] - 124	 61.2462 	 0.0012 	 0.4848 	 0.0143 	 0.7286
[2021/12/28 17:07:49] - 125	 61.2924 	 0.0012 	 0.5373 	 0.0144 	 0.7331
[2021/12/28 17:08:50] - 126	 61.1165 	 0.0012 	 0.4916 	 0.0145 	 0.7283
[2021/12/28 17:09:51] - 127	 61.2081 	 0.0012 	 0.5069 	 0.0138 	 0.7342
[2021/12/28 17:10:52] - 128	 61.2674 	 0.0012 	 0.5003 	 0.0142 	 0.7384
[2021/12/28 17:11:54] - 129	 61.5316 	 0.0012 	 0.4896 	 0.0143 	 0.7300
[2021/12/28 17:12:55] - 130	 61.0473 	 0.0012 	 0.5171 	 0.0142 	 0.7322
[2021/12/28 17:13:57] - 131	 61.1963 	 0.0011 	 0.5020 	 0.0142 	 0.7353
[2021/12/28 17:14:58] - 132	 61.2496 	 0.0012 	 0.5099 	 0.0146 	 0.7347
[2021/12/28 17:15:59] - 133	 61.2223 	 0.0011 	 0.5016 	 0.0146 	 0.7361
[2021/12/28 17:17:00] - 134	 61.0920 	 0.0012 	 0.5275 	 0.0141 	 0.7311
[2021/12/28 17:18:01] - 135	 60.6864 	 0.0012 	 0.5012 	 0.0144 	 0.7356
[2021/12/28 17:19:02] - 136	 61.2804 	 0.0011 	 0.4928 	 0.0139 	 0.7370
[2021/12/28 17:20:03] - 137	 61.1338 	 0.0011 	 0.5092 	 0.0139 	 0.7347
[2021/12/28 17:21:05] - 138	 61.5073 	 0.0012 	 0.5373 	 0.0138 	 0.7389
[2021/12/28 17:22:07] - 139	 61.5476 	 0.0011 	 0.5097 	 0.0141 	 0.7373
[2021/12/28 17:23:08] - 140	 60.9886 	 0.0012 	 0.5051 	 0.0141 	 0.7361
[2021/12/28 17:24:09] - 141	 61.1961 	 0.0011 	 0.5382 	 0.0142 	 0.7353
[2021/12/28 17:25:10] - 142	 61.1778 	 0.0011 	 0.4934 	 0.0146 	 0.7392
[2021/12/28 17:26:12] - 143	 61.1973 	 0.0011 	 0.5203 	 0.0142 	 0.7353
[2021/12/28 17:27:13] - 144	 60.8206 	 0.0012 	 0.5190 	 0.0143 	 0.7353
[2021/12/28 17:28:14] - 145	 61.4627 	 0.0011 	 0.5211 	 0.0139 	 0.7350
[2021/12/28 17:29:15] - 146	 61.4101 	 0.0011 	 0.5053 	 0.0142 	 0.7403
[2021/12/28 17:30:17] - 147	 61.4506 	 0.0011 	 0.5322 	 0.0141 	 0.7381
[2021/12/28 17:31:18] - 148	 61.3673 	 0.0011 	 0.5564 	 0.0144 	 0.7384
[2021/12/28 17:32:20] - 149	 61.4582 	 0.0011 	 0.5257 	 0.0141 	 0.7406
[2021/12/28 17:33:22] - 150	 61.4988 	 0.0012 	 0.4926 	 0.0146 	 0.7300
[2021/12/28 17:34:23] - 151	 61.2258 	 0.0011 	 0.5212 	 0.0141 	 0.7398
[2021/12/28 17:35:24] - 152	 61.1582 	 0.0011 	 0.5165 	 0.0141 	 0.7392
[2021/12/28 17:36:26] - 153	 61.2358 	 0.0011 	 0.4807 	 0.0138 	 0.7406
[2021/12/28 17:37:27] - 154	 61.3222 	 0.0012 	 0.4895 	 0.0140 	 0.7384
[2021/12/28 17:38:28] - 155	 61.2327 	 0.0012 	 0.5055 	 0.0140 	 0.7300
[2021/12/28 17:39:30] - 156	 61.6706 	 0.0012 	 0.4851 	 0.0139 	 0.7428
[2021/12/28 17:40:31] - 157	 61.4369 	 0.0012 	 0.5125 	 0.0140 	 0.7406
[2021/12/28 17:41:33] - 158	 61.2313 	 0.0011 	 0.5077 	 0.0145 	 0.7364
[2021/12/28 17:42:34] - 159	 61.1497 	 0.0011 	 0.5116 	 0.0139 	 0.7384
[2021/12/28 17:43:35] - 160	 61.2363 	 0.0011 	 0.5221 	 0.0144 	 0.7425
[2021/12/28 17:44:36] - 161	 60.9589 	 0.0011 	 0.5478 	 0.0143 	 0.7384
[2021/12/28 17:45:37] - 162	 61.2199 	 0.0011 	 0.5174 	 0.0142 	 0.7384
[2021/12/28 17:46:39] - 163	 61.4410 	 0.0011 	 0.5243 	 0.0138 	 0.7425
[2021/12/28 17:47:40] - 164	 61.0687 	 0.0011 	 0.5295 	 0.0143 	 0.7389
[2021/12/28 17:48:41] - 165	 61.0661 	 0.0011 	 0.5414 	 0.0145 	 0.7414
[2021/12/28 17:49:43] - 166	 61.6804 	 0.0011 	 0.4862 	 0.0142 	 0.7398
[2021/12/28 17:50:44] - 167	 61.1146 	 0.0011 	 0.5458 	 0.0144 	 0.7409
[2021/12/28 17:51:45] - 168	 61.5939 	 0.0011 	 0.5326 	 0.0142 	 0.7400
[2021/12/28 17:52:47] - 169	 61.2795 	 0.0011 	 0.5308 	 0.0144 	 0.7395
[2021/12/28 17:53:48] - 170	 61.2361 	 0.0011 	 0.5381 	 0.0143 	 0.7398
[2021/12/28 17:54:50] - 171	 61.3755 	 0.0011 	 0.5349 	 0.0145 	 0.7423
[2021/12/28 17:55:51] - 172	 61.2260 	 0.0011 	 0.5208 	 0.0141 	 0.7442
[2021/12/28 17:56:52] - 173	 61.4056 	 0.0012 	 0.5261 	 0.0143 	 0.7414
[2021/12/28 17:57:54] - 174	 61.4246 	 0.0011 	 0.4859 	 0.0140 	 0.7420
[2021/12/28 17:58:56] - 175	 62.0634 	 0.0011 	 0.5331 	 0.0140 	 0.7420
[2021/12/28 17:59:57] - 176	 60.6602 	 0.0010 	 0.5243 	 0.0139 	 0.7409
[2021/12/28 18:00:58] - 177	 61.1517 	 0.0011 	 0.5586 	 0.0141 	 0.7434
[2021/12/28 18:01:59] - 178	 61.3520 	 0.0010 	 0.5277 	 0.0140 	 0.7423
[2021/12/28 18:03:01] - 179	 61.4686 	 0.0011 	 0.4985 	 0.0139 	 0.7420
[2021/12/28 18:04:03] - 180	 61.9656 	 0.0011 	 0.5247 	 0.0145 	 0.7420
[2021/12/28 18:05:05] - 181	 61.9366 	 0.0011 	 0.4992 	 0.0142 	 0.7453
[2021/12/28 18:06:07] - 182	 61.7151 	 0.0011 	 0.5190 	 0.0144 	 0.7439
[2021/12/28 18:07:08] - 183	 61.1619 	 0.0011 	 0.5286 	 0.0143 	 0.7442
[2021/12/28 18:08:09] - 184	 60.9121 	 0.0011 	 0.5228 	 0.0142 	 0.7434
[2021/12/28 18:09:10] - 185	 61.1406 	 0.0010 	 0.5220 	 0.0142 	 0.7428
[2021/12/28 18:10:11] - 186	 61.3824 	 0.0011 	 0.5146 	 0.0140 	 0.7398
[2021/12/28 18:11:12] - 187	 61.2045 	 0.0010 	 0.5278 	 0.0136 	 0.7406
[2021/12/28 18:12:14] - 188	 61.1051 	 0.0010 	 0.5339 	 0.0144 	 0.7423
[2021/12/28 18:13:15] - 189	 61.3423 	 0.0011 	 0.4982 	 0.0144 	 0.7448
[2021/12/28 18:14:16] - 190	 61.1479 	 0.0010 	 0.5445 	 0.0142 	 0.7392
[2021/12/28 18:15:18] - 191	 61.6682 	 0.0011 	 0.5023 	 0.0140 	 0.7406
[2021/12/28 18:16:20] - 192	 61.7372 	 0.0011 	 0.5207 	 0.0145 	 0.7414
[2021/12/28 18:17:21] - 193	 61.0206 	 0.0011 	 0.5249 	 0.0141 	 0.7445
[2021/12/28 18:18:21] - 194	 60.7333 	 0.0011 	 0.5239 	 0.0140 	 0.7437
[2021/12/28 18:19:23] - 195	 61.6727 	 0.0010 	 0.5261 	 0.0142 	 0.7417
[2021/12/28 18:20:25] - 196	 61.6676 	 0.0011 	 0.5406 	 0.0140 	 0.7428
[2021/12/28 18:21:27] - 197	 61.8640 	 0.0011 	 0.5268 	 0.0139 	 0.7425
[2021/12/28 18:22:28] - 198	 61.2588 	 0.0011 	 0.5305 	 0.0141 	 0.7428
[2021/12/28 18:23:29] - 199	 61.0397 	 0.0011 	 0.5063 	 0.0145 	 0.7428
[2021/12/28 18:24:31] - 200	 62.2657 	 0.0010 	 0.5150 	 0.0140 	 0.7431
[2021/12/28 18:25:34] - 201	 62.0223 	 0.0010 	 0.5396 	 0.0141 	 0.7409
[2021/12/28 18:26:35] - 202	 61.8891 	 0.0011 	 0.5214 	 0.0138 	 0.7392
[2021/12/28 18:27:37] - 203	 61.7927 	 0.0010 	 0.5303 	 0.0142 	 0.7439
[2021/12/28 18:28:39] - 204	 62.2054 	 0.0011 	 0.5499 	 0.0144 	 0.7403
[2021/12/28 18:29:41] - 205	 62.0365 	 0.0011 	 0.4986 	 0.0143 	 0.7403
[2021/12/28 18:30:44] - 206	 62.0953 	 0.0011 	 0.5158 	 0.0144 	 0.7423
[2021/12/28 18:31:46] - 207	 61.9879 	 0.0011 	 0.5286 	 0.0141 	 0.7417
[2021/12/28 18:32:47] - 208	 61.2326 	 0.0011 	 0.5112 	 0.0144 	 0.7400
[2021/12/28 18:33:48] - 209	 61.6818 	 0.0010 	 0.5347 	 0.0141 	 0.7409
[2021/12/28 18:34:49] - 210	 61.0278 	 0.0011 	 0.5532 	 0.0142 	 0.7386
[2021/12/28 18:35:52] - 211	 62.2296 	 0.0011 	 0.5327 	 0.0141 	 0.7409
[2021/12/28 18:36:54] - 212	 62.4831 	 0.0011 	 0.4954 	 0.0138 	 0.7417
[2021/12/28 18:37:57] - 213	 62.4976 	 0.0011 	 0.5351 	 0.0147 	 0.7428
[2021/12/28 18:39:00] - 214	 62.6191 	 0.0011 	 0.5052 	 0.0140 	 0.7434
[2021/12/28 18:40:02] - 215	 62.8330 	 0.0010 	 0.5105 	 0.0143 	 0.7428
[2021/12/28 18:41:05] - 216	 62.4022 	 0.0011 	 0.5151 	 0.0143 	 0.7403
[2021/12/28 18:42:06] - 217	 61.6672 	 0.0011 	 0.5188 	 0.0145 	 0.7403
[2021/12/28 18:43:08] - 218	 61.1534 	 0.0011 	 0.5341 	 0.0141 	 0.7409
[2021/12/28 18:44:09] - 219	 61.2801 	 0.0010 	 0.5189 	 0.0140 	 0.7406
[2021/12/28 18:45:10] - 220	 60.8472 	 0.0011 	 0.5364 	 0.0144 	 0.7439
[2021/12/28 18:46:11] - 221	 61.0891 	 0.0011 	 0.4909 	 0.0147 	 0.7423
[2021/12/28 18:47:12] - 222	 60.9644 	 0.0010 	 0.5355 	 0.0143 	 0.7398
[2021/12/28 18:48:13] - 223	 61.0393 	 0.0011 	 0.5247 	 0.0142 	 0.7423
[2021/12/28 18:49:14] - 224	 60.9897 	 0.0011 	 0.5309 	 0.0140 	 0.7409
[2021/12/28 18:50:15] - 225	 61.1738 	 0.0011 	 0.5098 	 0.0140 	 0.7414
[2021/12/28 18:51:16] - 226	 61.2315 	 0.0011 	 0.5367 	 0.0145 	 0.7423
[2021/12/28 18:52:18] - 227	 61.5498 	 0.0011 	 0.5285 	 0.0136 	 0.7423
[2021/12/28 18:53:19] - 228	 61.3019 	 0.0011 	 0.4640 	 0.0139 	 0.7409
[2021/12/28 18:54:21] - 229	 61.2235 	 0.0011 	 0.5237 	 0.0138 	 0.7414
[2021/12/28 18:55:22] - 230	 61.0695 	 0.0011 	 0.5478 	 0.0141 	 0.7420
[2021/12/28 18:56:23] - 231	 61.4249 	 0.0011 	 0.5609 	 0.0145 	 0.7400
[2021/12/28 18:57:24] - 232	 61.0712 	 0.0010 	 0.5062 	 0.0143 	 0.7437
[2021/12/28 18:58:25] - 233	 60.8421 	 0.0010 	 0.5626 	 0.0140 	 0.7414
[2021/12/28 18:59:26] - 234	 61.1553 	 0.0011 	 0.5473 	 0.0146 	 0.7448
[2021/12/28 19:00:28] - 235	 61.6719 	 0.0010 	 0.5233 	 0.0138 	 0.7420
[2021/12/28 19:01:30] - 236	 61.4666 	 0.0010 	 0.5755 	 0.0140 	 0.7425
[2021/12/28 19:02:31] - 237	 61.7913 	 0.0010 	 0.5155 	 0.0136 	 0.7403
[2021/12/28 19:03:33] - 238	 61.2413 	 0.0011 	 0.5262 	 0.0144 	 0.7425
[2021/12/28 19:04:34] - 239	 61.0831 	 0.0011 	 0.5145 	 0.0140 	 0.7439
[2021/12/28 19:05:35] - 240	 61.0773 	 0.0011 	 0.5304 	 0.0147 	 0.7437
[2021/12/28 19:06:36] - 241	 61.0893 	 0.0011 	 0.5672 	 0.0142 	 0.7425
[2021/12/28 19:07:37] - 242	 60.9975 	 0.0011 	 0.5109 	 0.0141 	 0.7437
[2021/12/28 19:08:38] - 243	 61.3471 	 0.0011 	 0.5069 	 0.0142 	 0.7437
[2021/12/28 19:09:40] - 244	 61.5322 	 0.0011 	 0.5261 	 0.0147 	 0.7431
[2021/12/28 19:10:41] - 245	 61.4560 	 0.0011 	 0.4983 	 0.0141 	 0.7417
[2021/12/28 19:11:43] - 246	 61.3358 	 0.0011 	 0.5085 	 0.0143 	 0.7417
[2021/12/28 19:12:44] - 247	 61.1188 	 0.0011 	 0.5353 	 0.0147 	 0.7437
[2021/12/28 19:13:45] - 248	 61.2670 	 0.0011 	 0.5295 	 0.0138 	 0.7437
[2021/12/28 19:14:46] - 249	 61.2172 	 0.0011 	 0.5667 	 0.0138 	 0.7420
[2021/12/28 19:15:48] - 250	 61.5092 	 0.0011 	 0.5169 	 0.0145 	 0.7428
[2021/12/28 19:16:49] - 251	 61.2365 	 0.0011 	 0.5469 	 0.0138 	 0.7414
[2021/12/28 19:17:50] - 252	 61.1053 	 0.0010 	 0.5159 	 0.0142 	 0.7425
[2021/12/28 19:18:52] - 253	 61.4672 	 0.0011 	 0.5425 	 0.0142 	 0.7428
[2021/12/28 19:19:54] - 254	 61.6979 	 0.0010 	 0.5730 	 0.0145 	 0.7417
[2021/12/28 19:20:55] - 255	 61.2195 	 0.0011 	 0.5891 	 0.0141 	 0.7428
[2021/12/28 19:21:56] - 256	 61.3402 	 0.0011 	 0.5129 	 0.0142 	 0.7437
[2021/12/28 19:22:58] - 257	 61.4529 	 0.0011 	 0.5453 	 0.0141 	 0.7439
[2021/12/28 19:23:59] - 258	 61.1346 	 0.0011 	 0.5263 	 0.0143 	 0.7428
[2021/12/28 19:25:00] - 259	 61.3255 	 0.0011 	 0.5379 	 0.0141 	 0.7431
[2021/12/28 19:26:01] - 260	 61.3391 	 0.0010 	 0.5775 	 0.0142 	 0.7425
[2021/12/28 19:27:03] - 261	 61.3102 	 0.0010 	 0.5534 	 0.0139 	 0.7420
[2021/12/28 19:28:04] - 262	 61.4976 	 0.0011 	 0.4923 	 0.0141 	 0.7434
[2021/12/28 19:29:06] - 263	 61.2238 	 0.0011 	 0.5357 	 0.0143 	 0.7420
[2021/12/28 19:30:07] - 264	 61.2570 	 0.0010 	 0.5196 	 0.0144 	 0.7428
[2021/12/28 19:31:08] - 265	 60.9025 	 0.0011 	 0.5444 	 0.0144 	 0.7428
[2021/12/28 19:32:09] - 266	 61.2594 	 0.0011 	 0.5524 	 0.0141 	 0.7417
[2021/12/28 19:33:10] - 267	 61.2806 	 0.0010 	 0.5584 	 0.0142 	 0.7425
[2021/12/28 19:34:12] - 268	 61.2127 	 0.0011 	 0.5252 	 0.0139 	 0.7406
[2021/12/28 19:35:13] - 269	 61.3936 	 0.0010 	 0.5202 	 0.0144 	 0.7428
[2021/12/28 19:36:15] - 270	 61.6869 	 0.0011 	 0.5298 	 0.0140 	 0.7420
[2021/12/28 19:37:16] - 271	 61.4942 	 0.0011 	 0.5567 	 0.0142 	 0.7423
[2021/12/28 19:38:18] - 272	 61.5332 	 0.0011 	 0.5037 	 0.0140 	 0.7412
[2021/12/28 19:39:20] - 273	 61.5893 	 0.0010 	 0.5245 	 0.0139 	 0.7417
[2021/12/28 19:40:21] - 274	 61.2401 	 0.0011 	 0.5202 	 0.0140 	 0.7428
[2021/12/28 19:41:22] - 275	 61.2601 	 0.0011 	 0.5271 	 0.0142 	 0.7431
[2021/12/28 19:42:23] - 276	 61.3741 	 0.0011 	 0.5434 	 0.0143 	 0.7409
[2021/12/28 19:43:25] - 277	 61.1426 	 0.0011 	 0.5460 	 0.0141 	 0.7445
[2021/12/28 19:44:26] - 278	 61.3681 	 0.0011 	 0.5280 	 0.0143 	 0.7412
[2021/12/28 19:45:27] - 279	 60.6938 	 0.0011 	 0.5607 	 0.0141 	 0.7423
[2021/12/28 19:46:28] - 280	 61.7412 	 0.0011 	 0.5198 	 0.0140 	 0.7425
[2021/12/28 19:47:30] - 281	 61.4095 	 0.0011 	 0.5519 	 0.0142 	 0.7431
[2021/12/28 19:48:32] - 282	 61.6720 	 0.0010 	 0.5295 	 0.0143 	 0.7439
[2021/12/28 19:49:33] - 283	 61.3607 	 0.0011 	 0.5364 	 0.0138 	 0.7409
[2021/12/28 19:50:34] - 284	 61.4041 	 0.0010 	 0.5618 	 0.0141 	 0.7403
[2021/12/28 19:51:36] - 285	 61.4693 	 0.0011 	 0.5132 	 0.0137 	 0.7403
[2021/12/28 19:52:37] - 286	 61.2086 	 0.0011 	 0.5205 	 0.0143 	 0.7425
[2021/12/28 19:53:38] - 287	 61.3061 	 0.0011 	 0.5548 	 0.0140 	 0.7423
[2021/12/28 19:54:40] - 288	 61.7254 	 0.0010 	 0.5502 	 0.0140 	 0.7420
[2021/12/28 19:55:42] - 289	 61.4639 	 0.0011 	 0.5354 	 0.0140 	 0.7425
[2021/12/28 19:56:43] - 290	 61.4950 	 0.0010 	 0.5344 	 0.0139 	 0.7414
[2021/12/28 19:57:45] - 291	 61.2620 	 0.0011 	 0.5610 	 0.0140 	 0.7417
[2021/12/28 19:58:46] - 292	 61.3682 	 0.0011 	 0.5390 	 0.0144 	 0.7431
[2021/12/28 19:59:47] - 293	 61.3296 	 0.0011 	 0.5247 	 0.0141 	 0.7420
[2021/12/28 20:00:49] - 294	 61.3755 	 0.0010 	 0.5553 	 0.0142 	 0.7423
[2021/12/28 20:01:50] - 295	 61.2153 	 0.0011 	 0.5135 	 0.0144 	 0.7425
[2021/12/28 20:02:51] - 296	 61.3234 	 0.0011 	 0.5124 	 0.0146 	 0.7423
[2021/12/28 20:03:53] - 297	 61.7801 	 0.0011 	 0.5391 	 0.0143 	 0.7417
[2021/12/28 20:04:54] - 298	 60.9720 	 0.0010 	 0.5222 	 0.0137 	 0.7403
[2021/12/28 20:05:55] - 299	 61.1784 	 0.0010 	 0.5118 	 0.0139 	 0.7434
[2021/12/28 20:06:57] - 300	 61.8952 	 0.0011 	 0.5127 	 0.0142 	 0.7425
[2021/12/28 20:06:58] - Best val ACC 0.7453
